<?xml version="1.0" encoding="UTF-8"?>
<!-- Generated by org.testng.reporters.JUnitReportReporter -->
<testsuite hostname="AEDU2-LT-DEV63" failures="0" tests="1" name="test.TestNG1" time="0.014" errors="0" timestamp="2024-12-16T18:43:02 GST" skipped="0">
  <testcase classname="test.TestNG1" name="SayGoodBye" time="0.014"/>
  <system-out/>
</testsuite> <!-- test.TestNG1 -->
