<?xml version="1.0" encoding="UTF-8"?>
<!-- Generated by org.testng.reporters.JUnitReportReporter -->
<testsuite hostname="AEDU2-LT-DEV63" failures="0" tests="2" name="test.TestNG1" time="0.010" errors="0" timestamp="2024-12-16T00:25:40 GST" skipped="0">
  <testcase classname="test.TestNG1" name="Demo" time="0.009"/>
  <system-out/>
  <testcase classname="test.TestNG1" name="SayGoodBye" time="0.001"/>
  <system-out/>
</testsuite> <!-- test.TestNG1 -->
