<?xml version="1.0" encoding="UTF-8"?>
<!-- Generated by org.testng.reporters.JUnitReportReporter -->
<testsuite hostname="AEDU2-LT-DEV63" failures="0" tests="1" name="test.TestNG2" time="0.001" errors="0" timestamp="2024-12-16T18:43:02 GST" skipped="0">
  <testcase classname="test.TestNG2" name="Hithere" time="0.001"/>
  <system-out/>
</testsuite> <!-- test.TestNG2 -->
